<?xml version="1.0" encoding="UTF-8" ?>
<testsuite tests="8" failures="0" name="Runner.TestRunnerFile" time="1.57" errors="0" skipped="0">
  <properties>
[...]
</properties>
  <testcase classname="Scenario: Search for Momo" name="Given User is in the search page" time="0.005"/>
  <testcase classname="Scenario: Search for Momo" name="When food item is entered" time="0.001"/>
  <testcase classname="Scenario: Search for Momo" name="Then it should return the food searched" time="0"/>
  <testcase classname="Scenario: Search for Momo" name="Scenario: Search for Momo" time="0.78"/>
  <testcase classname="Scenario: Search for Restaurant" name="Given User is in the searchin page" time="0"/>
  <testcase classname="Scenario: Search for Restaurant" name="When Resturant is entered" time="0"/>
  <testcase classname="Scenario: Search for Restaurant" name="Then it should return the restaurant searched" time="0"/>
  <testcase classname="Scenario: Search for Restaurant" name="Scenario: Search for Restaurant" time="0.784"/>
</testsuite>